<?xml version="1.0" encoding="UTF-8"?>
<testsuite name="com.openclassrooms.helloworld.HelloWorldApplicationTests" tests="1" skipped="0" failures="0" errors="0" timestamp="2023-08-27T11:58:18" hostname="LAPTOP-QC2EEA7D" time="1.227">
  <properties/>
  <testcase name="testGetHelloWorld()" classname="com.openclassrooms.helloworld.HelloWorldApplicationTests" time="1.227"/>
  <system-out><![CDATA[13:58:15.271 [Test worker] INFO org.springframework.test.context.support.AnnotationConfigContextLoaderUtils -- Could not detect default configuration classes for test class [com.openclassrooms.helloworld.HelloWorldApplicationTests]: HelloWorldApplicationTests does not declare any static, non-private, non-final, nested classes annotated with @Configuration.
13:58:15.458 [Test worker] INFO org.springframework.boot.test.context.SpringBootTestContextBootstrapper -- Found @SpringBootConfiguration com.openclassrooms.helloworld.HelloWorldApplication for test class com.openclassrooms.helloworld.HelloWorldApplicationTests

  .   ____          _            __ _ _
 /\\ / ___'_ __ _ _(_)_ __  __ _ \ \ \ \
( ( )\___ | '_ | '_| | '_ \/ _` | \ \ \ \
 \\/  ___)| |_)| | | | | || (_| |  ) ) ) )
  '  |____| .__|_| |_|_| |_\__, | / / / /
 =========|_|==============|___/=/_/_/_/
 :: Spring Boot ::                (v3.1.2)

2023-08-27T13:58:16.806+02:00  INFO 18468 --- [    Test worker] c.o.h.HelloWorldApplicationTests         : Starting HelloWorldApplicationTests using Java 19.0.2 with PID 18468 (started by lkris in C:\Users\lkris\OneDrive\Bureau\Cours_en_ligne\Spring)
2023-08-27T13:58:16.809+02:00  INFO 18468 --- [    Test worker] c.o.h.HelloWorldApplicationTests         : No active profile set, falling back to 1 default profile: "default"
2023-08-27T13:58:18.018+02:00  INFO 18468 --- [    Test worker] c.o.h.HelloWorldApplicationTests         : Started HelloWorldApplicationTests in 2.122 seconds (process running for 4.886)
Hello World!
]]></system-out>
  <system-err><![CDATA[]]></system-err>
</testsuite>
